#
# There is insufficient memory for the Java Runtime Environment to continue.
# Native memory allocation (malloc) failed to allocate 32744 bytes. Error detail: Chunk::new
# Possible reasons:
#   The system is out of physical RAM or swap space
#   This process is running with CompressedOops enabled, and the Java Heap may be blocking the growth of the native heap
# Possible solutions:
#   Reduce memory load on the system
#   Increase physical memory or swap space
#   Check if swap backing store is full
#   Decrease Java heap size (-Xmx/-Xms)
#   Decrease number of Java threads
#   Decrease Java thread stack sizes (-Xss)
#   Set larger code cache with -XX:ReservedCodeCacheSize=
#   JVM is running with Unscaled Compressed Oops mode in which the Java heap is
#     placed in the first 4GB address space. The Java Heap base address is the
#     maximum limit for the native heap growth. Please use -XX:HeapBaseMinAddress
#     to set the Java Heap base and to place the Java Heap above 4GB virtual address.
# This output file may be truncated or incomplete.
#
#  Out of Memory Error (arena.cpp:168), pid=916, tid=5812
#
# JRE version: OpenJDK Runtime Environment Temurin-21.0.6+7 (21.0.6+7) (build 21.0.6+7-LTS)
# Java VM: OpenJDK 64-Bit Server VM Temurin-21.0.6+7 (21.0.6+7-LTS, mixed mode, sharing, tiered, compressed oops, compressed class ptrs, parallel gc, windows-amd64)
# No core dump will be written. Minidumps are not enabled by default on client versions of Windows
#

---------------  S U M M A R Y ------------

Command Line: --add-modules=ALL-SYSTEM --add-opens=java.base/java.util=ALL-UNNAMED --add-opens=java.base/java.lang=ALL-UNNAMED --add-opens=java.base/sun.nio.fs=ALL-UNNAMED -Declipse.application=org.eclipse.jdt.ls.core.id1 -Dosgi.bundles.defaultStartLevel=4 -Declipse.product=org.eclipse.jdt.ls.core.product -Djava.import.generatesMetadataFilesAtProjectRoot=false -DDetectVMInstallationsJob.disabled=true -Dfile.encoding=utf8 -XX:+UseParallelGC -XX:GCTimeRatio=4 -XX:AdaptiveSizePolicyWeight=90 -Dsun.zip.disableMemoryMapping=true -Xmx1G -Xms100m -Xlog:disable -javaagent:c:\Users\bouri\.vscode\extensions\redhat.java-1.41.1-win32-x64\lombok\lombok-1.18.36.jar -XX:+HeapDumpOnOutOfMemoryError -XX:HeapDumpPath=c:\Users\bouri\AppData\Roaming\Code\User\workspaceStorage\6ad0c653e0d6d452b969fa1c659ffd8e\redhat.java -Daether.dependencyCollector.impl=bf c:\Users\bouri\.vscode\extensions\redhat.java-1.41.1-win32-x64\server\plugins\org.eclipse.equinox.launcher_1.7.0.v20250331-1702.jar -configuration c:\Users\bouri\AppData\Roaming\Code\User\globalStorage\redhat.java\1.41.1\config_win -data c:\Users\bouri\AppData\Roaming\Code\User\workspaceStorage\6ad0c653e0d6d452b969fa1c659ffd8e\redhat.java\jdt_ws --pipe=\\.\pipe\lsp-5fca033eeaa87ddefbdc427c19b9d723-sock

Host: Intel(R) Core(TM) i5-4300U CPU @ 1.90GHz, 4 cores, 3G,  Windows 10 , 64 bit Build 19041 (10.0.19041.2913)
Time: Wed Apr 30 07:45:09 2025 E. Africa Standard Time elapsed time: 8.224948 seconds (0d 0h 0m 8s)

---------------  T H R E A D  ---------------

Current thread (0x00000244202d79b0):  JavaThread "C1 CompilerThread0" daemon [_thread_in_native, id=5812, stack(0x0000006bafe00000,0x0000006baff00000) (1024K)]


Current CompileTask:
C1:8225  715       3       sun.security.provider.ByteArrayAccess::b2iBig64 (231 bytes)

Stack: [0x0000006bafe00000,0x0000006baff00000]
Native frames: (J=compiled Java code, j=interpreted, Vv=VM code, C=native code)
V  [jvm.dll+0x6cdee9]
V  [jvm.dll+0x8a83d1]
V  [jvm.dll+0x8aa8fe]
V  [jvm.dll+0x8aafe3]
V  [jvm.dll+0x27f706]
V  [jvm.dll+0xc500d]
V  [jvm.dll+0xc5543]
V  [jvm.dll+0x194f53]
V  [jvm.dll+0x19501d]
V  [jvm.dll+0x19755f]
V  [jvm.dll+0x198b24]
V  [jvm.dll+0x1537e3]
V  [jvm.dll+0x153028]
V  [jvm.dll+0x153274]
V  [jvm.dll+0x1526a6]
V  [jvm.dll+0x15447d]
V  [jvm.dll+0x25685a]
V  [jvm.dll+0x254dfa]
V  [jvm.dll+0x3f0256]
V  [jvm.dll+0x851f8b]
V  [jvm.dll+0x6cc5ed]
C  [ucrtbase.dll+0x21bb2]
C  [KERNEL32.DLL+0x17614]
C  [ntdll.dll+0x526a1]


---------------  P R O C E S S  ---------------

Threads class SMR info:
_java_thread_list=0x00000244623a9230, length=11, elements={
0x000002440bf306d0, 0x0000024420258420, 0x0000024420259c80, 0x000002442025b760,
0x000002442025c670, 0x0000024420260340, 0x0000024420260d90, 0x0000024420261bc0,
0x00000244202d79b0, 0x000002442032e1c0, 0x00000244622fae60
}

Java Threads: ( => current thread )
  0x000002440bf306d0 JavaThread "main"                              [_thread_in_native, id=17572, stack(0x0000006baf300000,0x0000006baf400000) (1024K)]
  0x0000024420258420 JavaThread "Reference Handler"          daemon [_thread_blocked, id=16564, stack(0x0000006baf700000,0x0000006baf800000) (1024K)]
  0x0000024420259c80 JavaThread "Finalizer"                  daemon [_thread_blocked, id=11688, stack(0x0000006baf800000,0x0000006baf900000) (1024K)]
  0x000002442025b760 JavaThread "Signal Dispatcher"          daemon [_thread_blocked, id=12456, stack(0x0000006baf900000,0x0000006bafa00000) (1024K)]
  0x000002442025c670 JavaThread "Attach Listener"            daemon [_thread_blocked, id=11520, stack(0x0000006bafa00000,0x0000006bafb00000) (1024K)]
  0x0000024420260340 JavaThread "Service Thread"             daemon [_thread_blocked, id=17296, stack(0x0000006bafb00000,0x0000006bafc00000) (1024K)]
  0x0000024420260d90 JavaThread "Monitor Deflation Thread"   daemon [_thread_blocked, id=8340, stack(0x0000006bafc00000,0x0000006bafd00000) (1024K)]
  0x0000024420261bc0 JavaThread "C2 CompilerThread0"         daemon [_thread_in_native, id=13868, stack(0x0000006bafd00000,0x0000006bafe00000) (1024K)]
=>0x00000244202d79b0 JavaThread "C1 CompilerThread0"         daemon [_thread_in_native, id=5812, stack(0x0000006bafe00000,0x0000006baff00000) (1024K)]
  0x000002442032e1c0 JavaThread "Common-Cleaner"             daemon [_thread_blocked, id=3352, stack(0x0000006baff00000,0x0000006bb0000000) (1024K)]
  0x00000244622fae60 JavaThread "Notification Thread"        daemon [_thread_blocked, id=11328, stack(0x0000006bb0000000,0x0000006bb0100000) (1024K)]
Total: 11

Other Threads:
  0x000002442024e760 VMThread "VM Thread"                           [id=7972, stack(0x0000006baf600000,0x0000006baf700000) (1024K)]
  0x000002440bf9a2b0 WatcherThread "VM Periodic Task Thread"        [id=13844, stack(0x0000006baf500000,0x0000006baf600000) (1024K)]
  0x000002440bf4e740 WorkerThread "GC Thread#0"                     [id=6864, stack(0x0000006baf400000,0x0000006baf500000) (1024K)]
Total: 3

Threads with active compile tasks:
C2 CompilerThread0  8351  703       4       lombok.patcher.scripts.MethodLevelPatchScript::patch (21 bytes)
C1 CompilerThread0  8351  715       3       sun.security.provider.ByteArrayAccess::b2iBig64 (231 bytes)
Total: 2

VM state: not at safepoint (normal execution)

VM Mutex/Monitor currently owned by a thread: None

Heap address: 0x00000000c0000000, size: 1024 MB, Compressed Oops mode: 32-bit

CDS archive(s) mapped at: [0x0000024421000000-0x0000024421ba0000-0x0000024421ba0000), size 12189696, SharedBaseAddress: 0x0000024421000000, ArchiveRelocationMode: 1.
Compressed class space mapped at: 0x0000024422000000-0x0000024462000000, reserved size: 1073741824
Narrow klass base: 0x0000024421000000, Narrow klass shift: 0, Narrow klass range: 0x100000000

GC Precious Log:
 CardTable entry size: 512
 CPUs: 4 total, 4 available
 Memory: 3975M
 Large Page Support: Disabled
 NUMA Support: Disabled
 Compressed Oops: Enabled (32-bit)
 Alignments: Space 512K, Generation 512K, Heap 2M
 Heap Min Capacity: 100M
 Heap Initial Capacity: 100M
 Heap Max Capacity: 1G
 Pre-touch: Disabled
 Parallel Workers: 4

Heap:
 PSYoungGen      total 29696K, used 15553K [0x00000000eab00000, 0x00000000ecc00000, 0x0000000100000000)
  eden space 25600K, 60% used [0x00000000eab00000,0x00000000eba304f8,0x00000000ec400000)
  from space 4096K, 0% used [0x00000000ec800000,0x00000000ec800000,0x00000000ecc00000)
  to   space 4096K, 0% used [0x00000000ec400000,0x00000000ec400000,0x00000000ec800000)
 ParOldGen       total 68608K, used 0K [0x00000000c0000000, 0x00000000c4300000, 0x00000000eab00000)
  object space 68608K, 0% used [0x00000000c0000000,0x00000000c0000000,0x00000000c4300000)
 Metaspace       used 2977K, committed 3136K, reserved 1114112K
  class space    used 298K, committed 384K, reserved 1048576K

Card table byte_map: [0x000002440b8e0000,0x000002440baf0000] _byte_map_base: 0x000002440b2e0000

Marking Bits: (ParMarkBitMap*) 0x00007ff971033260
 Begin Bits: [0x000002441e130000, 0x000002441f130000)
 End Bits:   [0x000002441f130000, 0x0000024420130000)

Polling page: 0x0000024409d10000

Metaspace:

Usage:
  Non-class:      2.62 MB used.
      Class:    298.97 KB used.
       Both:      2.91 MB used.

Virtual space:
  Non-class space:       64.00 MB reserved,       2.69 MB (  4%) committed,  1 nodes.
      Class space:        1.00 GB reserved,     384.00 KB ( <1%) committed,  1 nodes.
             Both:        1.06 GB reserved,       3.06 MB ( <1%) committed. 

Chunk freelists:
   Non-Class:  11.58 MB
       Class:  15.66 MB
        Both:  27.24 MB

MaxMetaspaceSize: unlimited
CompressedClassSpaceSize: 1.00 GB
Initial GC threshold: 21.00 MB
Current GC threshold: 21.00 MB
CDS: on
 - commit_granule_bytes: 65536.
 - commit_granule_words: 8192.
 - virtual_space_node_default_size: 8388608.
 - enlarge_chunks_in_place: 1.
 - use_allocation_guard: 0.


Internal statistics:

num_allocs_failed_limit: 0.
num_arena_births: 82.
num_arena_deaths: 0.
num_vsnodes_births: 2.
num_vsnodes_deaths: 0.
num_space_committed: 49.
num_space_uncommitted: 0.
num_chunks_returned_to_freelist: 0.
num_chunks_taken_from_freelist: 109.
num_chunk_merges: 0.
num_chunk_splits: 74.
num_chunks_enlarged: 48.
num_inconsistent_stats: 0.

CodeHeap 'non-profiled nmethods': size=120000Kb used=277Kb max_used=277Kb free=119722Kb
 bounds [0x0000024416c00000, 0x0000024416e70000, 0x000002441e130000]
CodeHeap 'profiled nmethods': size=120000Kb used=1066Kb max_used=1066Kb free=118933Kb
 bounds [0x000002440f130000, 0x000002440f3a0000, 0x0000024416660000]
CodeHeap 'non-nmethods': size=5760Kb used=1184Kb max_used=1200Kb free=4575Kb
 bounds [0x0000024416660000, 0x00000244168d0000, 0x0000024416c00000]
 total_blobs=1154 nmethods=711 adapters=350
 compilation: enabled
              stopped_count=0, restarted_count=0
 full_count=0

Compilation events (20 events):
Event: 8.153 Thread 0x0000024420261bc0  702       4       java.util.HashSet::iterator (13 bytes)
Event: 8.171 Thread 0x0000024420261bc0 nmethod 702 0x0000024416c43710 code [0x0000024416c43900, 0x0000024416c43f00]
Event: 8.171 Thread 0x0000024420261bc0  703       4       lombok.patcher.scripts.MethodLevelPatchScript::patch (21 bytes)
Event: 8.172 Thread 0x00000244202d79b0  705       3       java.lang.String::toLowerCase (29 bytes)
Event: 8.173 Thread 0x00000244202d79b0 nmethod 705 0x000002440f237e90 code [0x000002440f238060, 0x000002440f238318]
Event: 8.174 Thread 0x00000244202d79b0  706       3       java.security.Provider$ServiceKey::<init> (39 bytes)
Event: 8.175 Thread 0x00000244202d79b0 nmethod 706 0x000002440f238410 code [0x000002440f238600, 0x000002440f238a40]
Event: 8.175 Thread 0x00000244202d79b0  707       3       java.security.Provider$ServiceKey::hashCode (19 bytes)
Event: 8.176 Thread 0x00000244202d79b0 nmethod 707 0x000002440f238c10 code [0x000002440f238dc0, 0x000002440f238f58]
Event: 8.176 Thread 0x00000244202d79b0  708       3       java.lang.String::valueOf (15 bytes)
Event: 8.177 Thread 0x00000244202d79b0 nmethod 708 0x000002440f239090 code [0x000002440f239240, 0x000002440f239448]
Event: 8.177 Thread 0x00000244202d79b0  709       1       java.security.Provider$UString::toString (5 bytes)
Event: 8.177 Thread 0x00000244202d79b0 nmethod 709 0x0000024416c44290 code [0x0000024416c44420, 0x0000024416c444e8]
Event: 8.178 Thread 0x00000244202d79b0  710       1       java.security.Provider$Service::getProvider (5 bytes)
Event: 8.178 Thread 0x00000244202d79b0 nmethod 710 0x0000024416c44590 code [0x0000024416c44720, 0x0000024416c447e8]
Event: 8.184 Thread 0x00000244202d79b0  711       1       java.security.Provider$Service::getClassName (5 bytes)
Event: 8.185 Thread 0x00000244202d79b0 nmethod 711 0x0000024416c44890 code [0x0000024416c44a20, 0x0000024416c44ae8]
Event: 8.188 Thread 0x00000244202d79b0  713       3       sun.security.provider.SHA2::implCompress0 (448 bytes)
Event: 8.189 Thread 0x00000244202d79b0 nmethod 713 0x000002440f239510 code [0x000002440f239760, 0x000002440f23a310]
Event: 8.193 Thread 0x00000244202d79b0  715       3       sun.security.provider.ByteArrayAccess::b2iBig64 (231 bytes)

GC Heap History (0 events):
No events

Dll operation events (8 events):
Event: 0.019 Loaded shared library c:\Users\bouri\.vscode\extensions\redhat.java-1.41.1-win32-x64\jre\21.0.6-win32-x86_64\bin\java.dll
Event: 4.177 Loaded shared library c:\Users\bouri\.vscode\extensions\redhat.java-1.41.1-win32-x64\jre\21.0.6-win32-x86_64\bin\zip.dll
Event: 4.638 Loaded shared library C:\Users\bouri\.vscode\extensions\redhat.java-1.41.1-win32-x64\jre\21.0.6-win32-x86_64\bin\instrument.dll
Event: 4.935 Loaded shared library C:\Users\bouri\.vscode\extensions\redhat.java-1.41.1-win32-x64\jre\21.0.6-win32-x86_64\bin\net.dll
Event: 4.949 Loaded shared library C:\Users\bouri\.vscode\extensions\redhat.java-1.41.1-win32-x64\jre\21.0.6-win32-x86_64\bin\nio.dll
Event: 4.968 Loaded shared library C:\Users\bouri\.vscode\extensions\redhat.java-1.41.1-win32-x64\jre\21.0.6-win32-x86_64\bin\zip.dll
Event: 5.152 Loaded shared library C:\Users\bouri\.vscode\extensions\redhat.java-1.41.1-win32-x64\jre\21.0.6-win32-x86_64\bin\jimage.dll
Event: 6.204 Loaded shared library c:\Users\bouri\.vscode\extensions\redhat.java-1.41.1-win32-x64\jre\21.0.6-win32-x86_64\bin\verify.dll

Deoptimization events (20 events):
Event: 7.955 Thread 0x000002440bf306d0 Uncommon trap: trap_request=0xffffffde fr.pc=0x0000024416c101d0 relative=0x00000000000008f0
Event: 7.955 Thread 0x000002440bf306d0 Uncommon trap: reason=class_check action=maybe_recompile pc=0x0000024416c101d0 method=java.util.HashMap.putVal(ILjava/lang/Object;Ljava/lang/Object;ZZ)Ljava/lang/Object; @ 91 c2
Event: 7.955 Thread 0x000002440bf306d0 DEOPT PACKING pc=0x0000024416c101d0 sp=0x0000006baf3fd980
Event: 7.955 Thread 0x000002440bf306d0 DEOPT UNPACKING pc=0x00000244166b3aa2 sp=0x0000006baf3fd940 mode 2
Event: 7.956 Thread 0x000002440bf306d0 Uncommon trap: trap_request=0xffffffde fr.pc=0x0000024416c101d0 relative=0x00000000000008f0
Event: 7.956 Thread 0x000002440bf306d0 Uncommon trap: reason=class_check action=maybe_recompile pc=0x0000024416c101d0 method=java.util.HashMap.putVal(ILjava/lang/Object;Ljava/lang/Object;ZZ)Ljava/lang/Object; @ 91 c2
Event: 7.956 Thread 0x000002440bf306d0 DEOPT PACKING pc=0x0000024416c101d0 sp=0x0000006baf3fdaa0
Event: 7.956 Thread 0x000002440bf306d0 DEOPT UNPACKING pc=0x00000244166b3aa2 sp=0x0000006baf3fda30 mode 2
Event: 7.958 Thread 0x000002440bf306d0 Uncommon trap: trap_request=0xffffffde fr.pc=0x0000024416c101d0 relative=0x00000000000008f0
Event: 7.958 Thread 0x000002440bf306d0 Uncommon trap: reason=class_check action=maybe_recompile pc=0x0000024416c101d0 method=java.util.HashMap.putVal(ILjava/lang/Object;Ljava/lang/Object;ZZ)Ljava/lang/Object; @ 91 c2
Event: 7.958 Thread 0x000002440bf306d0 DEOPT PACKING pc=0x0000024416c101d0 sp=0x0000006baf3fdaa0
Event: 7.958 Thread 0x000002440bf306d0 DEOPT UNPACKING pc=0x00000244166b3aa2 sp=0x0000006baf3fda30 mode 2
Event: 8.016 Thread 0x000002440bf306d0 DEOPT PACKING pc=0x000002440f225204 sp=0x0000006baf3fd4c0
Event: 8.016 Thread 0x000002440bf306d0 DEOPT UNPACKING pc=0x00000244166b4242 sp=0x0000006baf3fc918 mode 0
Event: 8.016 Thread 0x000002440bf306d0 DEOPT PACKING pc=0x000002440f225204 sp=0x0000006baf3fd4c0
Event: 8.016 Thread 0x000002440bf306d0 DEOPT UNPACKING pc=0x00000244166b4242 sp=0x0000006baf3fc918 mode 0
Event: 8.016 Thread 0x000002440bf306d0 DEOPT PACKING pc=0x000002440f225204 sp=0x0000006baf3fd5e0
Event: 8.016 Thread 0x000002440bf306d0 DEOPT UNPACKING pc=0x00000244166b4242 sp=0x0000006baf3fca38 mode 0
Event: 8.017 Thread 0x000002440bf306d0 DEOPT PACKING pc=0x000002440f225204 sp=0x0000006baf3fd5e0
Event: 8.017 Thread 0x000002440bf306d0 DEOPT UNPACKING pc=0x00000244166b4242 sp=0x0000006baf3fca38 mode 0

Classes loaded (20 events):
Event: 8.021 Loading class java/security/interfaces/ECKey
Event: 8.021 Loading class java/security/interfaces/ECKey done
Event: 8.021 Loading class java/security/interfaces/XECKey
Event: 8.021 Loading class java/security/interfaces/XECKey done
Event: 8.021 Loading class sun/security/util/KeyUtil
Event: 8.021 Loading class sun/security/util/KeyUtil done
Event: 8.022 Loading class sun/security/util/Length
Event: 8.022 Loading class sun/security/util/Length done
Event: 8.022 Loading class javax/crypto/SecretKey
Event: 8.022 Loading class javax/crypto/SecretKey done
Event: 8.152 Loading class java/util/Base64
Event: 8.152 Loading class java/util/Base64 done
Event: 8.152 Loading class java/util/Base64$Decoder
Event: 8.159 Loading class java/util/Base64$Decoder done
Event: 8.159 Loading class java/util/Base64$Encoder
Event: 8.160 Loading class java/util/Base64$Encoder done
Event: 8.171 Loading class java/util/jar/JarVerifier$VerifierStream
Event: 8.171 Loading class java/util/jar/JarVerifier$VerifierStream done
Event: 8.172 Loading class sun/security/util/ManifestEntryVerifier$SunProviderHolder
Event: 8.172 Loading class sun/security/util/ManifestEntryVerifier$SunProviderHolder done

Classes unloaded (0 events):
No events

Classes redefined (0 events):
No events

Internal exceptions (12 events):
Event: 4.159 Thread 0x000002440bf306d0 Exception <a 'java/lang/NoSuchMethodError'{0x00000000ead2a3f0}: 'void java.lang.invoke.DirectMethodHandle$Holder.invokeStatic(java.lang.Object, java.lang.Object, java.lang.Object)'> (0x00000000ead2a3f0) 
thrown [s\src\hotspot\share\interpreter\linkResolver.cpp, line 773]
Event: 5.054 Thread 0x000002440bf306d0 Exception <a 'java/lang/NoSuchMethodError'{0x00000000eae92df8}: 'java.lang.Object java.lang.invoke.Invokers$Holder.invokeExact_MT(java.lang.Object, java.lang.Object, java.lang.Object, java.lang.Object, java.lang.Object)'> (0x00000000eae92df8) 
thrown [s\src\hotspot\share\interpreter\linkResolver.cpp, line 773]
Event: 5.650 Thread 0x000002440bf306d0 Exception <a 'java/lang/NoSuchMethodError'{0x00000000eaf4bda0}: 'int java.lang.invoke.DirectMethodHandle$Holder.invokeSpecial(java.lang.Object, java.lang.Object, java.lang.Object, int)'> (0x00000000eaf4bda0) 
thrown [s\src\hotspot\share\interpreter\linkResolver.cpp, line 773]
Event: 5.672 Thread 0x000002440bf306d0 Exception <a 'java/lang/NoSuchMethodError'{0x00000000eaf5e788}: 'java.lang.Object java.lang.invoke.DirectMethodHandle$Holder.invokeStatic(java.lang.Object, java.lang.Object, java.lang.Object, java.lang.Object, int)'> (0x00000000eaf5e788) 
thrown [s\src\hotspot\share\interpreter\linkResolver.cpp, line 773]
Event: 5.676 Thread 0x000002440bf306d0 Exception <a 'java/lang/NoSuchMethodError'{0x00000000eaf69bc8}: 'void java.lang.invoke.DelegatingMethodHandle$Holder.reinvoke_L(java.lang.Object, java.lang.Object, java.lang.Object, int, java.lang.Object)'> (0x00000000eaf69bc8) 
thrown [s\src\hotspot\share\interpreter\linkResolver.cpp, line 773]
Event: 5.787 Thread 0x000002440bf306d0 Exception <a 'java/lang/NoSuchMethodError'{0x00000000eaf7a6c0}: 'int java.lang.invoke.DirectMethodHandle$Holder.invokeSpecial(java.lang.Object, java.lang.Object, java.lang.Object)'> (0x00000000eaf7a6c0) 
thrown [s\src\hotspot\share\interpreter\linkResolver.cpp, line 773]
Event: 5.791 Thread 0x000002440bf306d0 Exception <a 'java/lang/NoSuchMethodError'{0x00000000eaf86380}: 'java.lang.Object java.lang.invoke.DirectMethodHandle$Holder.invokeStatic(java.lang.Object, java.lang.Object, int)'> (0x00000000eaf86380) 
thrown [s\src\hotspot\share\interpreter\linkResolver.cpp, line 773]
Event: 5.793 Thread 0x000002440bf306d0 Exception <a 'java/lang/NoSuchMethodError'{0x00000000eaf8acd0}: 'void java.lang.invoke.DirectMethodHandle$Holder.invokeStatic(java.lang.Object, java.lang.Object, int, java.lang.Object)'> (0x00000000eaf8acd0) 
thrown [s\src\hotspot\share\interpreter\linkResolver.cpp, line 773]
Event: 5.794 Thread 0x000002440bf306d0 Exception <a 'java/lang/NoSuchMethodError'{0x00000000eaf8e860}: 'void java.lang.invoke.DirectMethodHandle$Holder.invokeSpecial(java.lang.Object, java.lang.Object, java.lang.Object, int, java.lang.Object)'> (0x00000000eaf8e860) 
thrown [s\src\hotspot\share\interpreter\linkResolver.cpp, line 773]
Event: 5.794 Thread 0x000002440bf306d0 Exception <a 'java/lang/NoSuchMethodError'{0x00000000eaf91cd0}: 'void java.lang.invoke.DelegatingMethodHandle$Holder.delegate(java.lang.Object, java.lang.Object, int, java.lang.Object)'> (0x00000000eaf91cd0) 
thrown [s\src\hotspot\share\interpreter\linkResolver.cpp, line 773]
Event: 6.384 Thread 0x000002440bf306d0 Exception <a 'java/lang/NoSuchMethodError'{0x00000000eb14f798}: 'void java.lang.invoke.DelegatingMethodHandle$Holder.reinvoke_L(java.lang.Object, java.lang.Object, java.lang.Object, int)'> (0x00000000eb14f798) 
thrown [s\src\hotspot\share\interpreter\linkResolver.cpp, line 773]
Event: 7.455 Thread 0x000002440bf306d0 Exception <a 'java/lang/NoSuchMethodError'{0x00000000eb5d6450}: 'void java.lang.invoke.DirectMethodHandle$Holder.invokeVirtual(java.lang.Object, java.lang.Object)'> (0x00000000eb5d6450) 
thrown [s\src\hotspot\share\interpreter\linkResolver.cpp, line 773]

ZGC Phase Switch (0 events):
No events

VM Operations (14 events):
Event: 3.518 Executing VM operation: Cleanup
Event: 3.534 Executing VM operation: Cleanup done
Event: 4.169 Executing VM operation: HandshakeAllThreads (Deoptimize)
Event: 4.170 Executing VM operation: HandshakeAllThreads (Deoptimize) done
Event: 5.184 Executing VM operation: Cleanup
Event: 5.198 Executing VM operation: Cleanup done
Event: 5.477 Executing VM operation: HandshakeAllThreads (Deoptimize)
Event: 5.477 Executing VM operation: HandshakeAllThreads (Deoptimize) done
Event: 6.492 Executing VM operation: Cleanup
Event: 6.492 Executing VM operation: Cleanup done
Event: 7.497 Executing VM operation: Cleanup
Event: 7.587 Executing VM operation: Cleanup done
Event: 8.022 Executing VM operation: HandshakeAllThreads (Deoptimize)
Event: 8.022 Executing VM operation: HandshakeAllThreads (Deoptimize) done

Memory protections (0 events):
No events

Nmethod flushes (0 events):
No events

Events (11 events):
Event: 0.271 Thread 0x000002440bf306d0 Thread added: 0x000002440bf306d0
Event: 2.502 Thread 0x000002440bf306d0 Thread added: 0x0000024420258420
Event: 2.844 Thread 0x000002440bf306d0 Thread added: 0x0000024420259c80
Event: 2.861 Thread 0x000002440bf306d0 Thread added: 0x000002442025b760
Event: 2.861 Thread 0x000002440bf306d0 Thread added: 0x000002442025c670
Event: 2.861 Thread 0x000002440bf306d0 Thread added: 0x0000024420260340
Event: 2.861 Thread 0x000002440bf306d0 Thread added: 0x0000024420260d90
Event: 2.862 Thread 0x000002440bf306d0 Thread added: 0x0000024420261bc0
Event: 3.058 Thread 0x000002440bf306d0 Thread added: 0x00000244202d79b0
Event: 3.805 Thread 0x000002440bf306d0 Thread added: 0x000002442032e1c0
Event: 7.040 Thread 0x000002440bf306d0 Thread added: 0x00000244622fae60


Dynamic libraries:
0x00007ff61d2c0000 - 0x00007ff61d2ce000 	c:\Users\bouri\.vscode\extensions\redhat.java-1.41.1-win32-x64\jre\21.0.6-win32-x86_64\bin\java.exe
0x00007ff9b5d70000 - 0x00007ff9b5f68000 	C:\Windows\SYSTEM32\ntdll.dll
0x00007ff9954e0000 - 0x00007ff9954fa000 	C:\Program Files\Avast Software\Avast\aswhook.dll
0x00007ff9b4a20000 - 0x00007ff9b4adf000 	C:\Windows\System32\KERNEL32.DLL
0x00007ff9b34f0000 - 0x00007ff9b37e6000 	C:\Windows\System32\KERNELBASE.dll
0x00007ff9b3a30000 - 0x00007ff9b3b30000 	C:\Windows\System32\ucrtbase.dll
0x00007ff99a150000 - 0x00007ff99a168000 	c:\Users\bouri\.vscode\extensions\redhat.java-1.41.1-win32-x64\jre\21.0.6-win32-x86_64\bin\jli.dll
0x00007ff9b4c50000 - 0x00007ff9b4ded000 	C:\Windows\System32\USER32.dll
0x00007ff9b3da0000 - 0x00007ff9b3dc2000 	C:\Windows\System32\win32u.dll
0x00007ff9b4fb0000 - 0x00007ff9b4fdc000 	C:\Windows\System32\GDI32.dll
0x00007ff9b37f0000 - 0x00007ff9b3905000 	C:\Windows\System32\gdi32full.dll
0x00007ff9b3450000 - 0x00007ff9b34ed000 	C:\Windows\System32\msvcp_win.dll
0x00007ff999ff0000 - 0x00007ff99a00e000 	c:\Users\bouri\.vscode\extensions\redhat.java-1.41.1-win32-x64\jre\21.0.6-win32-x86_64\bin\VCRUNTIME140.dll
0x00007ff9957b0000 - 0x00007ff995a4a000 	C:\Windows\WinSxS\amd64_microsoft.windows.common-controls_6595b64144ccf1df_6.0.19041.1110_none_60b5254171f9507e\COMCTL32.dll
0x00007ff9b4890000 - 0x00007ff9b492e000 	C:\Windows\System32\msvcrt.dll
0x00007ff9b4b70000 - 0x00007ff9b4ba0000 	C:\Windows\System32\IMM32.DLL
0x00007ff9ad860000 - 0x00007ff9ad86c000 	c:\Users\bouri\.vscode\extensions\redhat.java-1.41.1-win32-x64\jre\21.0.6-win32-x86_64\bin\vcruntime140_1.dll
0x00007ff97f880000 - 0x00007ff97f90d000 	c:\Users\bouri\.vscode\extensions\redhat.java-1.41.1-win32-x64\jre\21.0.6-win32-x86_64\bin\msvcp140.dll
0x00007ff970380000 - 0x00007ff971110000 	c:\Users\bouri\.vscode\extensions\redhat.java-1.41.1-win32-x64\jre\21.0.6-win32-x86_64\bin\server\jvm.dll
0x00007ff9b4ba0000 - 0x00007ff9b4c4f000 	C:\Windows\System32\ADVAPI32.dll
0x00007ff9b5b00000 - 0x00007ff9b5b9c000 	C:\Windows\System32\sechost.dll
0x00007ff9b4fe0000 - 0x00007ff9b5106000 	C:\Windows\System32\RPCRT4.dll
0x00007ff9b4b00000 - 0x00007ff9b4b6b000 	C:\Windows\System32\WS2_32.dll
0x00007ff9b32c0000 - 0x00007ff9b330b000 	C:\Windows\SYSTEM32\POWRPROF.dll
0x00007ff993db0000 - 0x00007ff993dd7000 	C:\Windows\SYSTEM32\WINMM.dll
0x00007ff9ad730000 - 0x00007ff9ad73a000 	C:\Windows\SYSTEM32\VERSION.dll
0x00007ff9b32a0000 - 0x00007ff9b32b2000 	C:\Windows\SYSTEM32\UMPDC.dll
0x00007ff9b1310000 - 0x00007ff9b1322000 	C:\Windows\SYSTEM32\kernel.appcore.dll
0x00007ff9ad830000 - 0x00007ff9ad83a000 	c:\Users\bouri\.vscode\extensions\redhat.java-1.41.1-win32-x64\jre\21.0.6-win32-x86_64\bin\jimage.dll
0x00007ff9aac90000 - 0x00007ff9aae74000 	C:\Windows\SYSTEM32\DBGHELP.DLL
0x00007ff9aaf00000 - 0x00007ff9aaf34000 	C:\Windows\SYSTEM32\dbgcore.DLL
0x00007ff9b3d10000 - 0x00007ff9b3d92000 	C:\Windows\System32\bcryptPrimitives.dll
0x00007ff9af2d0000 - 0x00007ff9af2df000 	c:\Users\bouri\.vscode\extensions\redhat.java-1.41.1-win32-x64\jre\21.0.6-win32-x86_64\bin\instrument.dll
0x00007ff994fe0000 - 0x00007ff994fff000 	c:\Users\bouri\.vscode\extensions\redhat.java-1.41.1-win32-x64\jre\21.0.6-win32-x86_64\bin\java.dll
0x00007ff9b53b0000 - 0x00007ff9b5af4000 	C:\Windows\System32\SHELL32.dll
0x00007ff9b1510000 - 0x00007ff9b1ca3000 	C:\Windows\SYSTEM32\windows.storage.dll
0x00007ff9b3dd0000 - 0x00007ff9b4124000 	C:\Windows\System32\combase.dll
0x00007ff9b2dd0000 - 0x00007ff9b2dfe000 	C:\Windows\SYSTEM32\Wldp.dll
0x00007ff9b4190000 - 0x00007ff9b423d000 	C:\Windows\System32\SHCORE.dll
0x00007ff9b5ba0000 - 0x00007ff9b5bf5000 	C:\Windows\System32\shlwapi.dll
0x00007ff9b3390000 - 0x00007ff9b33af000 	C:\Windows\SYSTEM32\profapi.dll
0x00007ff994fc0000 - 0x00007ff994fd8000 	c:\Users\bouri\.vscode\extensions\redhat.java-1.41.1-win32-x64\jre\21.0.6-win32-x86_64\bin\zip.dll
0x00007ff9ad120000 - 0x00007ff9ad130000 	C:\Users\bouri\.vscode\extensions\redhat.java-1.41.1-win32-x64\jre\21.0.6-win32-x86_64\bin\net.dll
0x00007ff9a7c80000 - 0x00007ff9a7d8a000 	C:\Windows\SYSTEM32\WINHTTP.dll
0x00007ff9b2b30000 - 0x00007ff9b2b9a000 	C:\Windows\system32\mswsock.dll
0x00007ff9927d0000 - 0x00007ff9927e6000 	C:\Users\bouri\.vscode\extensions\redhat.java-1.41.1-win32-x64\jre\21.0.6-win32-x86_64\bin\nio.dll
0x00007ff9af2c0000 - 0x00007ff9af2d0000 	c:\Users\bouri\.vscode\extensions\redhat.java-1.41.1-win32-x64\jre\21.0.6-win32-x86_64\bin\verify.dll

dbghelp: loaded successfully - version: 4.0.5 - missing functions: none
symbol engine: initialized successfully - sym options: 0x614 - pdb path: .;c:\Users\bouri\.vscode\extensions\redhat.java-1.41.1-win32-x64\jre\21.0.6-win32-x86_64\bin;C:\Windows\SYSTEM32;C:\Program Files\Avast Software\Avast;C:\Windows\WinSxS\amd64_microsoft.windows.common-controls_6595b64144ccf1df_6.0.19041.1110_none_60b5254171f9507e;c:\Users\bouri\.vscode\extensions\redhat.java-1.41.1-win32-x64\jre\21.0.6-win32-x86_64\bin\server

VM Arguments:
jvm_args: --add-modules=ALL-SYSTEM --add-opens=java.base/java.util=ALL-UNNAMED --add-opens=java.base/java.lang=ALL-UNNAMED --add-opens=java.base/sun.nio.fs=ALL-UNNAMED -Declipse.application=org.eclipse.jdt.ls.core.id1 -Dosgi.bundles.defaultStartLevel=4 -Declipse.product=org.eclipse.jdt.ls.core.product -Djava.import.generatesMetadataFilesAtProjectRoot=false -DDetectVMInstallationsJob.disabled=true -Dfile.encoding=utf8 -XX:+UseParallelGC -XX:GCTimeRatio=4 -XX:AdaptiveSizePolicyWeight=90 -Dsun.zip.disableMemoryMapping=true -Xmx1G -Xms100m -Xlog:disable -javaagent:c:\Users\bouri\.vscode\extensions\redhat.java-1.41.1-win32-x64\lombok\lombok-1.18.36.jar -XX:+HeapDumpOnOutOfMemoryError -XX:HeapDumpPath=c:\Users\bouri\AppData\Roaming\Code\User\workspaceStorage\6ad0c653e0d6d452b969fa1c659ffd8e\redhat.java -Daether.dependencyCollector.impl=bf 
java_command: c:\Users\bouri\.vscode\extensions\redhat.java-1.41.1-win32-x64\server\plugins\org.eclipse.equinox.launcher_1.7.0.v20250331-1702.jar -configuration c:\Users\bouri\AppData\Roaming\Code\User\globalStorage\redhat.java\1.41.1\config_win -data c:\Users\bouri\AppData\Roaming\Code\User\workspaceStorage\6ad0c653e0d6d452b969fa1c659ffd8e\redhat.java\jdt_ws --pipe=\\.\pipe\lsp-5fca033eeaa87ddefbdc427c19b9d723-sock
java_class_path (initial): c:\Users\bouri\.vscode\extensions\redhat.java-1.41.1-win32-x64\server\plugins\org.eclipse.equinox.launcher_1.7.0.v20250331-1702.jar
Launcher Type: SUN_STANDARD

[Global flags]
    uintx AdaptiveSizePolicyWeight                 = 90                                        {product} {command line}
     intx CICompilerCount                          = 3                                         {product} {ergonomic}
    uintx GCTimeRatio                              = 4                                         {product} {command line}
     bool HeapDumpOnOutOfMemoryError               = true                                   {manageable} {command line}
    ccstr HeapDumpPath                             = c:\Users\bouri\AppData\Roaming\Code\User\workspaceStorage\6ad0c653e0d6d452b969fa1c659ffd8e\redhat.java         {manageable} {command line}
   size_t InitialHeapSize                          = 104857600                                 {product} {command line}
   size_t MaxHeapSize                              = 1073741824                                {product} {command line}
   size_t MaxNewSize                               = 357564416                                 {product} {ergonomic}
   size_t MinHeapDeltaBytes                        = 524288                                    {product} {ergonomic}
   size_t MinHeapSize                              = 104857600                                 {product} {command line}
   size_t NewSize                                  = 34603008                                  {product} {ergonomic}
    uintx NonNMethodCodeHeapSize                   = 5832780                                {pd product} {ergonomic}
    uintx NonProfiledCodeHeapSize                  = 122912730                              {pd product} {ergonomic}
   size_t OldSize                                  = 70254592                                  {product} {ergonomic}
    uintx ProfiledCodeHeapSize                     = 122912730                              {pd product} {ergonomic}
    uintx ReservedCodeCacheSize                    = 251658240                              {pd product} {ergonomic}
     bool SegmentedCodeCache                       = true                                      {product} {ergonomic}
   size_t SoftMaxHeapSize                          = 1073741824                             {manageable} {ergonomic}
     bool UseCompressedOops                        = true                           {product lp64_product} {ergonomic}
     bool UseLargePagesIndividualAllocation        = false                                  {pd product} {ergonomic}
     bool UseParallelGC                            = true                                      {product} {command line}

Logging:
Log output configuration:
 #0: stdout all=off uptime,level,tags foldmultilines=false
 #1: stderr all=off uptime,level,tags foldmultilines=false

Environment Variables:
JAVA_HOME=C:\Program Files\Eclipse Adoptium\jdk-21.0.6.7-hotspot
PATH=C:\Program Files\Eclipse Adoptium\jdk-21.0.6.7-hotspot\bin;C:\Program Files\Common Files\Oracle\Java\javapath;C:\Program Files (x86)\Common Files\Oracle\Java\java8path;C:\Program Files (x86)\Common Files\Oracle\Java\javapath;C:\Python313\Scripts\;C:\Python313\;C:\Windows\system32;C:\Windows;C:\Windows\System32\Wbem;C:\Windows\System32\WindowsPowerShell\v1.0\;C:\Windows\System32\OpenSSH\;C:\Program Files\Microsoft SQL Server\150\Tools\Binn\;C:\Program Files\Microsoft SQL Server\Client SDK\ODBC\170\Tools\Binn\;C:\Program Files\Git\cmd;C:\Program Files (x86)\Microsoft Visual Studio\2022\BuildTools\VC\Tools\MSVC\14.42.34433\bin\Hostx64\x64;C:\Users\bouri\.pyenv\pyenv-win\bin\pyenv;C:\Users\bouri\.pyenv\pyenv-win\shims;C:\Program Files\dotnet\;C:\Program Files\nodejs\;C:\ProgramData\chocolatey\bin;C:\Users\bouri\AppData\Roaming\Python\Python313\Scripts;C:\Windows\Microsoft.NET\Framework64\v4.0.30319;C:\Program Files\GDAL;C:\Users\bouri\Downloads\apache-maven-3.9.9-bin\apache-maven-3.9.9\bin;C:\Program Files\Java\jre8\bin;C:\Users\bouri\AppData\Local\Programs\Python\Python310\Scripts\;C:\Users\bouri\AppData\Local\Programs\Python\Python310\;C:\Users\bouri\AppData\Local\Programs\Python\Launcher\;C:\Program Files\MySQL\MySQL Shell 8.0\bin\;C:\Users\bouri\AppData\Local\Microsoft\WindowsApps;C:\Users\bouri\.dotnet\tools;C:\Users\bouri\AppData\Local\Programs\Microsoft VS Code\bin;C:\Users\bouri\AppData\Local\JetBrains\Toolbox\scripts;C:\Program Files\Python313;C:\Users\bouri\AppData\Local\Muse Hub\lib;C:\Users\bouri\.dotnet\tools;C:\Users\bouri\AppData\Roaming\npm;C:\Users\bouri\AppData\Local\Android\Sdk\platform-tools;
USERNAME=bouri
OS=Windows_NT
PROCESSOR_IDENTIFIER=Intel64 Family 6 Model 69 Stepping 1, GenuineIntel
TMP=C:\Users\bouri\AppData\Local\Temp
TEMP=C:\Users\bouri\AppData\Local\Temp




Periodic native trim disabled

---------------  S Y S T E M  ---------------

OS:
 Windows 10 , 64 bit Build 19041 (10.0.19041.2913)
OS uptime: 0 days 21:13 hours

CPU: total 4 (initial active 4) (2 cores per cpu, 2 threads per core) family 6 model 69 stepping 1 microcode 0x25, cx8, cmov, fxsr, ht, mmx, sse, sse2, sse3, ssse3, sse4.1, sse4.2, popcnt, lzcnt, tsc, tscinvbit, avx, avx2, aes, erms, clmul, bmi1, bmi2, fma, vzeroupper, clflush, rdtscp, f16c
Processor Information for the first 4 processors :
  Max Mhz: 2501, Current Mhz: 1900, Mhz Limit: 1875

Memory: 4k page, system-wide physical 3975M (37M free)
TotalPageFile size 16263M (AvailPageFile size 31M)
current process WorkingSet (physical memory assigned to process): 58M, peak: 58M
current process commit charge ("private bytes"): 183M, peak: 183M

vm_info: OpenJDK 64-Bit Server VM (21.0.6+7-LTS) for windows-amd64 JRE (21.0.6+7-LTS), built on 2025-01-21T00:00:00Z by "admin" with MS VC++ 17.7 (VS2022)

END.
